<?xml version="1.0" encoding="UTF-8"?>
<testng-results skipped="0" failed="0" total="2" passed="2">
  <reporter-output>
  </reporter-output>
  <suite name="Default suite" duration-ms="58345" started-at="2016-03-31T07:09:24Z" finished-at="2016-03-31T07:10:22Z">
    <groups>
    </groups>
    <test name="Default test" duration-ms="58345" started-at="2016-03-31T07:09:24Z" finished-at="2016-03-31T07:10:22Z">
      <class name="com.vsii.tsc.guru.testcase.ISMS_ComposeISMS">
        <test-method status="PASS" signature="setupSuite()[pri:0, instance:com.vsii.tsc.guru.testcase.ISMS_ComposeISMS@11d970]" name="setupSuite" is-config="true" duration-ms="11170" started-at="2016-03-31T14:09:13Z" finished-at="2016-03-31T14:09:24Z">
          <reporter-output>
          </reporter-output>
        </test-method> <!-- setupSuite -->
        <test-method status="PASS" signature="setupClass()[pri:0, instance:com.vsii.tsc.guru.testcase.ISMS_ComposeISMS@11d970]" name="setupClass" is-config="true" duration-ms="37" started-at="2016-03-31T14:09:24Z" finished-at="2016-03-31T14:09:24Z">
          <reporter-output>
          </reporter-output>
        </test-method> <!-- setupClass -->
        <test-method status="PASS" signature="TC42(java.lang.String, java.lang.String)[pri:5, instance:com.vsii.tsc.guru.testcase.ISMS_ComposeISMS@11d970]" name="TC42" duration-ms="24031" started-at="2016-03-31T14:09:25Z" description="Verify that the fileds Name Category are required fileds on Assets" data-provider="Create Asset Company 2" finished-at="2016-03-31T14:09:50Z">
          <params>
            <param index="0">
              <value>
                <![CDATA[admin]]>
              </value>
            </param>
            <param index="1">
              <value>
                <![CDATA[12345678]]>
              </value>
            </param>
          </params>
          <reporter-output>
          </reporter-output>
        </test-method> <!-- TC42 -->
        <test-method status="PASS" signature="afterMethod()[pri:0, instance:com.vsii.tsc.guru.testcase.ISMS_ComposeISMS@11d970]" name="afterMethod" is-config="true" duration-ms="4165" started-at="2016-03-31T14:09:50Z" finished-at="2016-03-31T14:09:54Z">
          <reporter-output>
          </reporter-output>
        </test-method> <!-- afterMethod -->
        <test-method status="PASS" signature="TC42(java.lang.String, java.lang.String)[pri:5, instance:com.vsii.tsc.guru.testcase.ISMS_ComposeISMS@11d970]" name="TC42" duration-ms="24749" started-at="2016-03-31T14:09:54Z" description="Verify that the fileds Name Category are required fileds on Assets" data-provider="Create Asset Company 2" finished-at="2016-03-31T14:10:18Z">
          <params>
            <param index="0">
              <value>
                <![CDATA[vanph]]>
              </value>
            </param>
            <param index="1">
              <value>
                <![CDATA[12345678]]>
              </value>
            </param>
          </params>
          <reporter-output>
          </reporter-output>
        </test-method> <!-- TC42 -->
        <test-method status="PASS" signature="afterMethod()[pri:0, instance:com.vsii.tsc.guru.testcase.ISMS_ComposeISMS@11d970]" name="afterMethod" is-config="true" duration-ms="3900" started-at="2016-03-31T14:10:18Z" finished-at="2016-03-31T14:10:22Z">
          <reporter-output>
          </reporter-output>
        </test-method> <!-- afterMethod -->
      </class> <!-- com.vsii.tsc.guru.testcase.ISMS_ComposeISMS -->
    </test> <!-- Default test -->
  </suite> <!-- Default suite -->
</testng-results>
